<?xml version="1.0" encoding="UTF-8"?>
<testng-results ignored="0" total="1" passed="1" failed="0" skipped="0">
  <reporter-output>
  </reporter-output>
  <suite started-at="2024-03-01T05:07:16Z" name="Suite" finished-at="2024-03-01T05:07:26Z" duration-ms="9797">
    <groups>
    </groups>
    <test started-at="2024-03-01T05:07:16Z" name="Test" finished-at="2024-03-01T05:07:26Z" duration-ms="9797">
      <class name="test.java.com.java8Feature.tests.OrangeHomeScreen">
        <test-method signature="verifyHome()[pri:0, instance:test.java.com.java8Feature.tests.OrangeHomeScreen@5f2afe62]" started-at="2024-03-01T05:07:16Z" name="verifyHome" finished-at="2024-03-01T05:07:25Z" duration-ms="8491" status="PASS">
          <reporter-output>
          </reporter-output>
        </test-method> <!-- verifyHome -->
        <test-method is-config="true" signature="closeBrowser()[pri:0, instance:test.java.com.java8Feature.tests.OrangeHomeScreen@5f2afe62]" started-at="2024-03-01T05:07:25Z" name="closeBrowser" finished-at="2024-03-01T05:07:26Z" duration-ms="1249" status="PASS">
          <reporter-output>
          </reporter-output>
        </test-method> <!-- closeBrowser -->
      </class> <!-- test.java.com.java8Feature.tests.OrangeHomeScreen -->
    </test> <!-- Test -->
  </suite> <!-- Suite -->
</testng-results>
